#
# There is insufficient memory for the Java Runtime Environment to continue.
# Native memory allocation (malloc) failed to allocate 143654912 bytes for committing reserved memory.
# Possible reasons:
#   The system is out of physical RAM or swap space
#   In 32 bit mode, the process size limit was hit
# Possible solutions:
#   Reduce memory load on the system
#   Increase physical memory or swap space
#   Check if swap backing store is full
#   Use 64 bit Java on a 64 bit OS
#   Decrease Java heap size (-Xmx/-Xms)
#   Decrease number of Java threads
#   Decrease Java thread stack sizes (-Xss)
#   Set larger code cache with -XX:ReservedCodeCacheSize=
# This output file may be truncated or incomplete.
#
#  Out of Memory Error (os_linux.cpp:2827), pid=8948, tid=139758776149760
#
# JRE version: OpenJDK Runtime Environment (7.0_91-b02) (build 1.7.0_91-b02)
# Java VM: OpenJDK 64-Bit Server VM (24.91-b01 mixed mode linux-amd64 compressed oops)
# Derivative: IcedTea 2.6.3
# Distribution: Ubuntu 14.04 LTS, package 7u91-2.6.3-0ubuntu0.14.04.1
# Failed to write core dump. Core dumps have been disabled. To enable core dumping, try "ulimit -c unlimited" before starting Java again
#

---------------  T H R E A D  ---------------

Current thread (0x00007f1c24076000):  VMThread [stack: 0x00007f1c2024e000,0x00007f1c2034f000] [id=8974]

Stack: [0x00007f1c2024e000,0x00007f1c2034f000],  sp=0x00007f1c2034d490,  free space=1021k
Native frames: (J=compiled Java code, j=interpreted, Vv=VM code, C=native code)
V  [libjvm.so+0x953e15]  VMError::report_and_die()+0x175
V  [libjvm.so+0x48fd94]  report_vm_out_of_memory(char const*, int, unsigned long, char const*)+0x74
V  [libjvm.so+0x7cf87b]  os::pd_commit_memory(char*, unsigned long, unsigned long, bool)+0xeb
V  [libjvm.so+0x7ca33f]  os::commit_memory(char*, unsigned long, unsigned long, bool)+0x1f
V  [libjvm.so+0x83dacb]  PSVirtualSpace::expand_by(unsigned long)+0x5b
V  [libjvm.so+0x83e930]  PSYoungGen::resize_generation(unsigned long, unsigned long)+0xb0
V  [libjvm.so+0x83f01b]  PSYoungGen::resize(unsigned long, unsigned long)+0x1b
V  [libjvm.so+0x83b258]  PSScavenge::invoke_no_policy()+0xd68
V  [libjvm.so+0x83bac8]  PSScavenge::invoke()+0x38
V  [libjvm.so+0x7f2083]  ParallelScavengeHeap::failed_mem_allocate(unsigned long)+0x63
V  [libjvm.so+0x955814]  VM_ParallelGCFailedAllocation::doit()+0x84
V  [libjvm.so+0x959917]  VM_Operation::evaluate()+0x47
V  [libjvm.so+0x9583d8]  VMThread::evaluate_operation(VM_Operation*)+0x318
V  [libjvm.so+0x958839]  VMThread::loop()+0x219
V  [libjvm.so+0x958c82]  VMThread::run()+0x72
V  [libjvm.so+0x7cc742]  java_start(Thread*)+0xf2

VM_Operation (0x00007f1bef575f60): ParallelGCFailedAllocation, mode: safepoint, requested by thread 0x00007f1c2419b000


---------------  P R O C E S S  ---------------

Java Threads: ( => current thread )
  0x00007f1c241ac800 JavaThread "pool-1-thread-4" [_thread_blocked, id=9010, stack(0x00007f1bef073000,0x00007f1bef174000)]
  0x00007f1c241ab000 JavaThread "pool-1-thread-3" [_thread_blocked, id=9009, stack(0x00007f1bef174000,0x00007f1bef275000)]
  0x00007f1c241a9800 JavaThread "pool-1-thread-2" [_thread_blocked, id=9008, stack(0x00007f1bef275000,0x00007f1bef376000)]
  0x00007f1c2419c800 JavaThread "pool-2-thread-1" [_thread_blocked, id=9007, stack(0x00007f1bef376000,0x00007f1bef477000)]
  0x00007f1c2419b000 JavaThread "pool-1-thread-1" [_thread_blocked, id=9006, stack(0x00007f1bef477000,0x00007f1bef578000)]
  0x00007f1c240b1000 JavaThread "Service Thread" daemon [_thread_blocked, id=8991, stack(0x00007f1c18e7a000,0x00007f1c18f7b000)]
  0x00007f1c240af000 JavaThread "C2 CompilerThread1" daemon [_thread_in_native, id=8987, stack(0x00007f1c18f7b000,0x00007f1c1907c000)]
  0x00007f1c240ac000 JavaThread "C2 CompilerThread0" daemon [_thread_blocked, id=8985, stack(0x00007f1c1907c000,0x00007f1c1917d000)]
  0x00007f1c240aa000 JavaThread "Signal Dispatcher" daemon [_thread_blocked, id=8982, stack(0x00007f1c1917d000,0x00007f1c1927e000)]
  0x00007f1c2407c000 JavaThread "Finalizer" daemon [_thread_blocked, id=8978, stack(0x00007f1c2004c000,0x00007f1c2014d000)]
  0x00007f1c2407a000 JavaThread "Reference Handler" daemon [_thread_blocked, id=8977, stack(0x00007f1c2014d000,0x00007f1c2024e000)]
  0x00007f1c2400a800 JavaThread "main" [_thread_blocked, id=8952, stack(0x00007f1c2c41f000,0x00007f1c2c520000)]

Other Threads:
=>0x00007f1c24076000 VMThread [stack: 0x00007f1c2024e000,0x00007f1c2034f000] [id=8974]
  0x00007f1c240bb800 WatcherThread [stack: 0x00007f1c18d79000,0x00007f1c18e7a000] [id=8993]

VM state:at safepoint (normal execution)

VM Mutex/Monitor currently owned by a thread:  ([mutex/lock_event])
[0x00007f1c24006970] Threads_lock - owner thread: 0x00007f1c24076000
[0x00007f1c24006e70] Heap_lock - owner thread: 0x00007f1c2419b000

Heap
 PSYoungGen      total 138240K, used 17396K [0x00000000eaa80000, 0x00000000f4480000, 0x0000000100000000)
  eden space 120832K, 0% used [0x00000000eaa80000,0x00000000eaa80000,0x00000000f2080000)
  from space 17408K, 99% used [0x00000000f2080000,0x00000000f317d3f0,0x00000000f3180000)
  to   space 15360K, 0% used [0x00000000f3180000,0x00000000f3180000,0x00000000f4080000)
 ParOldGen       total 40960K, used 36569K [0x00000000c0000000, 0x00000000c2800000, 0x00000000eaa80000)
  object space 40960K, 89% used [0x00000000c0000000,0x00000000c23b66b8,0x00000000c2800000)
 PSPermGen       total 21504K, used 6364K [0x00000000b5a00000, 0x00000000b6f00000, 0x00000000c0000000)
  object space 21504K, 29% used [0x00000000b5a00000,0x00000000b6037220,0x00000000b6f00000)

Card table byte_map: [0x00007f1c28dff000,0x00007f1c29053000] byte_map_base: 0x00007f1c28852000

Polling page: 0x00007f1c2c53c000

Code Cache  [0x00007f1c21000000, 0x00007f1c21270000, 0x00007f1c24000000)
 total_blobs=564 nmethods=333 adapters=184 free_code_cache=47626Kb largest_free_block=48728576

Compilation events (10 events):
Event: 13,269 Thread 0x00007f1c240ac000 nmethod 338 0x00007f1c210b9ad0 code [0x00007f1c210b9d20, 0x00007f1c210ba8b8]
Event: 13,269 Thread 0x00007f1c240ac000  339             java.util.HashMap$Entry::<init> (26 bytes)
Event: 13,270 Thread 0x00007f1c240ac000 nmethod 339 0x00007f1c21130e10 code [0x00007f1c21130f40, 0x00007f1c21130fb8]
Event: 13,270 Thread 0x00007f1c240ac000  340             java.util.HashMap::addEntry (69 bytes)
Event: 13,289 Thread 0x00007f1c240ac000 nmethod 340 0x00007f1c210a4950 code [0x00007f1c210a4b20, 0x00007f1c210a5038]
Event: 13,289 Thread 0x00007f1c240ac000  341             java.util.HashMap::createEntry (39 bytes)
Event: 13,305 Thread 0x00007f1c240ac000 nmethod 341 0x00007f1c211693d0 code [0x00007f1c21169520, 0x00007f1c211696d8]
Event: 13,305 Thread 0x00007f1c240ac000  342             com.android.dx.rop.code.Rop::canThrow (18 bytes)
Event: 13,309 Thread 0x00007f1c240ac000 nmethod 342 0x00007f1c210c4f50 code [0x00007f1c210c50a0, 0x00007f1c210c5158]
Event: 13,309 Thread 0x00007f1c240ac000  343             com.android.dx.ssa.DomFront::calcDomFronts (154 bytes)

GC Heap History (10 events):
Event: 2,256 GC heap after
Heap after GC invocations=2 (full 0):
 PSYoungGen      total 33280K, used 2550K [0x00000000eaa80000, 0x00000000ecd80000, 0x0000000100000000)
  eden space 30720K, 0% used [0x00000000eaa80000,0x00000000eaa80000,0x00000000ec880000)
  from space 2560K, 99% used [0x00000000ecb00000,0x00000000ecd7d9b0,0x00000000ecd80000)
  to   space 2560K, 0% used [0x00000000ec880000,0x00000000ec880000,0x00000000ecb00000)
 ParOldGen       total 40960K, used 1834K [0x00000000c0000000, 0x00000000c2800000, 0x00000000eaa80000)
  object space 40960K, 4% used [0x00000000c0000000,0x00000000c01cab50,0x00000000c2800000)
 PSPermGen       total 21504K, used 5951K [0x00000000b5a00000, 0x00000000b6f00000, 0x00000000c0000000)
  object space 21504K, 27% used [0x00000000b5a00000,0x00000000b5fcfcf0,0x00000000b6f00000)
}
Event: 3,805 GC heap before
{Heap before GC invocations=3 (full 0):
 PSYoungGen      total 33280K, used 33270K [0x00000000eaa80000, 0x00000000ecd80000, 0x0000000100000000)
  eden space 30720K, 100% used [0x00000000eaa80000,0x00000000ec880000,0x00000000ec880000)
  from space 2560K, 99% used [0x00000000ecb00000,0x00000000ecd7d9b0,0x00000000ecd80000)
  to   space 2560K, 0% used [0x00000000ec880000,0x00000000ec880000,0x00000000ecb00000)
 ParOldGen       total 40960K, used 1834K [0x00000000c0000000, 0x00000000c2800000, 0x00000000eaa80000)
  object space 40960K, 4% used [0x00000000c0000000,0x00000000c01cab50,0x00000000c2800000)
 PSPermGen       total 21504K, used 6150K [0x00000000b5a00000, 0x00000000b6f00000, 0x00000000c0000000)
  object space 21504K, 28% used [0x00000000b5a00000,0x00000000b6001ad8,0x00000000b6f00000)
Event: 3,861 GC heap after
Heap after GC invocations=3 (full 0):
 PSYoungGen      total 33280K, used 2558K [0x00000000eaa80000, 0x00000000eeb80000, 0x0000000100000000)
  eden space 30720K, 0% used [0x00000000eaa80000,0x00000000eaa80000,0x00000000ec880000)
  from space 2560K, 99% used [0x00000000ec880000,0x00000000ecaff8d0,0x00000000ecb00000)
  to   space 2560K, 0% used [0x00000000ee900000,0x00000000ee900000,0x00000000eeb80000)
 ParOldGen       total 40960K, used 7232K [0x00000000c0000000, 0x00000000c2800000, 0x00000000eaa80000)
  object space 40960K, 17% used [0x00000000c0000000,0x00000000c0710208,0x00000000c2800000)
 PSPermGen       total 21504K, used 6150K [0x00000000b5a00000, 0x00000000b6f00000, 0x00000000c0000000)
  object space 21504K, 28% used [0x00000000b5a00000,0x00000000b6001ad8,0x00000000b6f00000)
}
Event: 5,445 GC heap before
{Heap before GC invocations=4 (full 0):
 PSYoungGen      total 33280K, used 33278K [0x00000000eaa80000, 0x00000000eeb80000, 0x0000000100000000)
  eden space 30720K, 100% used [0x00000000eaa80000,0x00000000ec880000,0x00000000ec880000)
  from space 2560K, 99% used [0x00000000ec880000,0x00000000ecaff8d0,0x00000000ecb00000)
  to   space 2560K, 0% used [0x00000000ee900000,0x00000000ee900000,0x00000000eeb80000)
 ParOldGen       total 40960K, used 7232K [0x00000000c0000000, 0x00000000c2800000, 0x00000000eaa80000)
  object space 40960K, 17% used [0x00000000c0000000,0x00000000c0710208,0x00000000c2800000)
 PSPermGen       total 21504K, used 6197K [0x00000000b5a00000, 0x00000000b6f00000, 0x00000000c0000000)
  object space 21504K, 28% used [0x00000000b5a00000,0x00000000b600d618,0x00000000b6f00000)
Event: 5,542 GC heap after
Heap after GC invocations=4 (full 0):
 PSYoungGen      total 64000K, used 2542K [0x00000000eaa80000, 0x00000000eeb80000, 0x0000000100000000)
  eden space 61440K, 0% used [0x00000000eaa80000,0x00000000eaa80000,0x00000000ee680000)
  from space 2560K, 99% used [0x00000000ee900000,0x00000000eeb7b8c0,0x00000000eeb80000)
  to   space 2560K, 0% used [0x00000000ee680000,0x00000000ee680000,0x00000000ee900000)
 ParOldGen       total 40960K, used 12629K [0x00000000c0000000, 0x00000000c2800000, 0x00000000eaa80000)
  object space 40960K, 30% used [0x00000000c0000000,0x00000000c0c55788,0x00000000c2800000)
 PSPermGen       total 21504K, used 6197K [0x00000000b5a00000, 0x00000000b6f00000, 0x00000000c0000000)
  object space 21504K, 28% used [0x00000000b5a00000,0x00000000b600d618,0x00000000b6f00000)
}
Event: 8,062 GC heap before
{Heap before GC invocations=5 (full 0):
 PSYoungGen      total 64000K, used 63982K [0x00000000eaa80000, 0x00000000eeb80000, 0x0000000100000000)
  eden space 61440K, 100% used [0x00000000eaa80000,0x00000000ee680000,0x00000000ee680000)
  from space 2560K, 99% used [0x00000000ee900000,0x00000000eeb7b8c0,0x00000000eeb80000)
  to   space 2560K, 0% used [0x00000000ee680000,0x00000000ee680000,0x00000000ee900000)
 ParOldGen       total 40960K, used 12629K [0x00000000c0000000, 0x00000000c2800000, 0x00000000eaa80000)
  object space 40960K, 30% used [0x00000000c0000000,0x00000000c0c55788,0x00000000c2800000)
 PSPermGen       total 21504K, used 6239K [0x00000000b5a00000, 0x00000000b6f00000, 0x00000000c0000000)
  object space 21504K, 29% used [0x00000000b5a00000,0x00000000b6017e50,0x00000000b6f00000)
Event: 8,159 GC heap after
Heap after GC invocations=5 (full 0):
 PSYoungGen      total 64000K, used 2542K [0x00000000eaa80000, 0x00000000f4080000, 0x0000000100000000)
  eden space 61440K, 0% used [0x00000000eaa80000,0x00000000eaa80000,0x00000000ee680000)
  from space 2560K, 99% used [0x00000000ee680000,0x00000000ee8fb8c0,0x00000000ee900000)
  to   space 15360K, 0% used [0x00000000f3180000,0x00000000f3180000,0x00000000f4080000)
 ParOldGen       total 40960K, used 22738K [0x00000000c0000000, 0x00000000c2800000, 0x00000000eaa80000)
  object space 40960K, 55% used [0x00000000c0000000,0x00000000c1634a50,0x00000000c2800000)
 PSPermGen       total 21504K, used 6239K [0x00000000b5a00000, 0x00000000b6f00000, 0x00000000c0000000)
  object space 21504K, 29% used [0x00000000b5a00000,0x00000000b6017e50,0x00000000b6f00000)
}
Event: 10,113 GC heap before
{Heap before GC invocations=6 (full 0):
 PSYoungGen      total 64000K, used 63982K [0x00000000eaa80000, 0x00000000f4080000, 0x0000000100000000)
  eden space 61440K, 100% used [0x00000000eaa80000,0x00000000ee680000,0x00000000ee680000)
  from space 2560K, 99% used [0x00000000ee680000,0x00000000ee8fb8c0,0x00000000ee900000)
  to   space 15360K, 0% used [0x00000000f3180000,0x00000000f3180000,0x00000000f4080000)
 ParOldGen       total 40960K, used 22738K [0x00000000c0000000, 0x00000000c2800000, 0x00000000eaa80000)
  object space 40960K, 55% used [0x00000000c0000000,0x00000000c1634a50,0x00000000c2800000)
 PSPermGen       total 21504K, used 6281K [0x00000000b5a00000, 0x00000000b6f00000, 0x00000000c0000000)
  object space 21504K, 29% used [0x00000000b5a00000,0x00000000b6022638,0x00000000b6f00000)
Event: 10,190 GC heap after
Heap after GC invocations=6 (full 0):
 PSYoungGen      total 136192K, used 13421K [0x00000000eaa80000, 0x00000000f4480000, 0x0000000100000000)
  eden space 120832K, 0% used [0x00000000eaa80000,0x00000000eaa80000,0x00000000f2080000)
  from space 15360K, 87% used [0x00000000f3180000,0x00000000f3e9b680,0x00000000f4080000)
  to   space 17408K, 0% used [0x00000000f2080000,0x00000000f2080000,0x00000000f3180000)
 ParOldGen       total 40960K, used 22738K [0x00000000c0000000, 0x00000000c2800000, 0x00000000eaa80000)
  object space 40960K, 55% used [0x00000000c0000000,0x00000000c1634a50,0x00000000c2800000)
 PSPermGen       total 21504K, used 6281K [0x00000000b5a00000, 0x00000000b6f00000, 0x00000000c0000000)
  object space 21504K, 29% used [0x00000000b5a00000,0x00000000b6022638,0x00000000b6f00000)
}
Event: 13,369 GC heap before
{Heap before GC invocations=7 (full 0):
 PSYoungGen      total 136192K, used 134253K [0x00000000eaa80000, 0x00000000f4480000, 0x0000000100000000)
  eden space 120832K, 100% used [0x00000000eaa80000,0x00000000f2080000,0x00000000f2080000)
  from space 15360K, 87% used [0x00000000f3180000,0x00000000f3e9b680,0x00000000f4080000)
  to   space 17408K, 0% used [0x00000000f2080000,0x00000000f2080000,0x00000000f3180000)
 ParOldGen       total 40960K, used 22738K [0x00000000c0000000, 0x00000000c2800000, 0x00000000eaa80000)
  object space 40960K, 55% used [0x00000000c0000000,0x00000000c1634a50,0x00000000c2800000)
 PSPermGen       total 21504K, used 6364K [0x00000000b5a00000, 0x00000000b6f00000, 0x00000000c0000000)
  object space 21504K, 29% used [0x00000000b5a00000,0x00000000b6037220,0x00000000b6f00000)

Deoptimization events (10 events):
Event: 4,518 Thread 0x00007f1c2419b000 Uncommon trap: reason=class_check action=maybe_recompile pc=0x00007f1c210a71bc method=java.util.HashMap.put(Ljava/lang/Object;Ljava/lang/Object;)Ljava/lang/Object; @ 83
Event: 4,519 Thread 0x00007f1c2419b000 Uncommon trap: reason=class_check action=maybe_recompile pc=0x00007f1c210a71bc method=java.util.HashMap.put(Ljava/lang/Object;Ljava/lang/Object;)Ljava/lang/Object; @ 83
Event: 4,729 Thread 0x00007f1c241ab000 Uncommon trap: reason=null_check action=make_not_entrant pc=0x00007f1c210bb084 method=com.android.dx.ssa.SsaRenamer.getLocalForNewReg(I)Lcom/android/dx/rop/code/LocalItem; @ 19
Event: 6,936 Thread 0x00007f1c241ac800 Uncommon trap: reason=unstable_if action=reinterpret pc=0x00007f1c210d2ff4 method=com.android.dx.util.IntList.binarysearch(I)I @ 105
Event: 7,802 Thread 0x00007f1c241a9800 Uncommon trap: reason=unstable_if action=reinterpret pc=0x00007f1c210960b4 method=com.android.dx.util.IntList.binarysearch(I)I @ 105
Event: 9,167 Thread 0x00007f1c241ac800 Uncommon trap: reason=unstable_if action=reinterpret pc=0x00007f1c210da404 method=com.android.dx.ssa.SCCP.simulateBranch(Lcom/android/dx/ssa/SsaInsn;)V @ 548
Event: 9,224 Thread 0x00007f1c241ac800 Uncommon trap: reason=class_check action=maybe_recompile pc=0x00007f1c210f8be8 method=com.android.dx.rop.code.RegisterSpec.withSimpleType()Lcom/android/dx/rop/code/RegisterSpec; @ 21
Event: 11,382 Thread 0x00007f1c2419b000 Uncommon trap: reason=null_check action=make_not_entrant pc=0x00007f1c21150e80 method=com.android.dx.cf.code.Ropper$CatchInfo.getSetup(Lcom/android/dx/rop/type/Type;)Lcom/android/dx/cf/code/Ropper$ExceptionHandlerSetup; @ 10
Event: 11,598 Thread 0x00007f1c2400a800 Uncommon trap: reason=unstable_if action=reinterpret pc=0x00007f1c210ea470 method=com.android.dx.ssa.Dominators.run()V @ 346
Event: 11,660 Thread 0x00007f1c2400a800 Uncommon trap: reason=unstable_if action=reinterpret pc=0x00007f1c2112b5e4 method=com.android.dx.ssa.SCCP.simulateStmt(Lcom/android/dx/ssa/SsaInsn;)V @ 59

Internal exceptions (10 events):
Event: 1,917 Thread 0x00007f1c2400a800 Threw 0x00000000eb421d10 at /build/openjdk-7-zaTxYK/openjdk-7-7u91-2.6.3/build/openjdk/hotspot/src/share/vm/prims/jvm.cpp:1322
Event: 2,106 Thread 0x00007f1c241ab000 Threw 0x00000000eb77a438 at /build/openjdk-7-zaTxYK/openjdk-7-7u91-2.6.3/build/openjdk/hotspot/src/share/vm/prims/jvm.cpp:1322
Event: 2,379 Thread 0x00007f1c241a9800 Threw 0x00000000eacd2788 at /build/openjdk-7-zaTxYK/openjdk-7-7u91-2.6.3/build/openjdk/hotspot/src/share/vm/prims/jvm.cpp:1322
Event: 2,853 Thread 0x00007f1c2400a800 Implicit null exception at 0x00007f1c210a22d7 to 0x00007f1c210a29bd
Event: 4,082 Thread 0x00007f1c2400a800 Threw 0x00000000eaf6b120 at /build/openjdk-7-zaTxYK/openjdk-7-7u91-2.6.3/build/openjdk/hotspot/src/share/vm/prims/jvm.cpp:1322
Event: 4,182 Thread 0x00007f1c2400a800 Threw 0x00000000eb0c0eb0 at /build/openjdk-7-zaTxYK/openjdk-7-7u91-2.6.3/build/openjdk/hotspot/src/share/vm/prims/jvm.cpp:1322
Event: 4,729 Thread 0x00007f1c241ab000 Implicit null exception at 0x00007f1c210b983b to 0x00007f1c210bb061
Event: 5,560 Thread 0x00007f1c241ac800 Threw 0x00000000eaba8878 at /build/openjdk-7-zaTxYK/openjdk-7-7u91-2.6.3/build/openjdk/hotspot/src/share/vm/prims/jvm.cpp:1322
Event: 9,733 Thread 0x00007f1c2400a800 Threw 0x00000000ed4f6b10 at /build/openjdk-7-zaTxYK/openjdk-7-7u91-2.6.3/build/openjdk/hotspot/src/share/vm/prims/jvm.cpp:1322
Event: 11,382 Thread 0x00007f1c2419b000 Implicit null exception at 0x00007f1c2114cffd to 0x00007f1c21150e39

Events (10 events):
Event: 11,598 Thread 0x00007f1c2400a800 DEOPT UNPACKING pc=0x00007f1c21039445 sp=0x00007f1c2c51d8a8 mode 2
Event: 11,660 Thread 0x00007f1c2400a800 Uncommon trap: trap_request=0xffffff75 fr.pc=0x00007f1c2112b5e4
Event: 11,660 Thread 0x00007f1c2400a800 DEOPT PACKING pc=0x00007f1c2112b5e4 sp=0x00007f1c2c51d9f0
Event: 11,660 Thread 0x00007f1c2400a800 DEOPT UNPACKING pc=0x00007f1c21039445 sp=0x00007f1c2c51d988 mode 2
Event: 12,375 Thread 0x00007f1c240ac000 flushing nmethod 0x00007f1c210832d0
Event: 12,508 Thread 0x00007f1c240af000 flushing nmethod 0x00007f1c2108de90
Event: 12,520 Thread 0x00007f1c240ac000 flushing nmethod 0x00007f1c210a6990
Event: 12,522 Thread 0x00007f1c240af000 flushing nmethod 0x00007f1c210b8590
Event: 12,522 Thread 0x00007f1c240af000 flushing nmethod 0x00007f1c210c0a90
Event: 13,361 Executing VM operation: ParallelGCFailedAllocation


Dynamic libraries:
00400000-00401000 r-xp 00000000 08:07 531132                             /usr/lib/jvm/java-7-openjdk-amd64/jre/bin/java
00600000-00601000 r--p 00000000 08:07 531132                             /usr/lib/jvm/java-7-openjdk-amd64/jre/bin/java
00601000-00602000 rw-p 00001000 08:07 531132                             /usr/lib/jvm/java-7-openjdk-amd64/jre/bin/java
01954000-01975000 rw-p 00000000 00:00 0                                  [heap]
b5a00000-b6f00000 rw-p 00000000 00:00 0 
b6f00000-c0000000 rw-p 00000000 00:00 0 
c0000000-c2800000 rw-p 00000000 00:00 0 
c2800000-eaa80000 rw-p 00000000 00:00 0 
eaa80000-f4480000 rw-p 00000000 00:00 0 
fcd80000-100000000 rw-p 00000000 00:00 0 
7f1bd4000000-7f1bd4021000 rw-p 00000000 00:00 0 
7f1bd4021000-7f1bd8000000 ---p 00000000 00:00 0 
7f1bd8000000-7f1bd8021000 rw-p 00000000 00:00 0 
7f1bd8021000-7f1bdc000000 ---p 00000000 00:00 0 
7f1bdc000000-7f1bdc021000 rw-p 00000000 00:00 0 
7f1bdc021000-7f1be0000000 ---p 00000000 00:00 0 
7f1be0000000-7f1be0027000 rw-p 00000000 00:00 0 
7f1be0027000-7f1be4000000 ---p 00000000 00:00 0 
7f1be4000000-7f1be4039000 rw-p 00000000 00:00 0 
7f1be4039000-7f1be8000000 ---p 00000000 00:00 0 
7f1be8000000-7f1be8021000 rw-p 00000000 00:00 0 
7f1be8021000-7f1bec000000 ---p 00000000 00:00 0 
7f1bef073000-7f1bef076000 ---p 00000000 00:00 0 
7f1bef076000-7f1bef174000 rw-p 00000000 00:00 0                          [stack:9010]
7f1bef174000-7f1bef177000 ---p 00000000 00:00 0 
7f1bef177000-7f1bef275000 rw-p 00000000 00:00 0                          [stack:9009]
7f1bef275000-7f1bef278000 ---p 00000000 00:00 0 
7f1bef278000-7f1bef376000 rw-p 00000000 00:00 0                          [stack:9008]
7f1bef376000-7f1bef379000 ---p 00000000 00:00 0 
7f1bef379000-7f1bef477000 rw-p 00000000 00:00 0                          [stack:9007]
7f1bef477000-7f1bef47a000 ---p 00000000 00:00 0 
7f1bef47a000-7f1bef578000 rw-p 00000000 00:00 0                          [stack:9006]
7f1bef578000-7f1bef5b5000 r-xp 00000000 08:07 1184450                    /lib/x86_64-linux-gnu/libpcre.so.3.13.1
7f1bef5b5000-7f1bef7b4000 ---p 0003d000 08:07 1184450                    /lib/x86_64-linux-gnu/libpcre.so.3.13.1
7f1bef7b4000-7f1bef7b5000 r--p 0003c000 08:07 1184450                    /lib/x86_64-linux-gnu/libpcre.so.3.13.1
7f1bef7b5000-7f1bef7b6000 rw-p 0003d000 08:07 1184450                    /lib/x86_64-linux-gnu/libpcre.so.3.13.1
7f1bef7b6000-7f1bef7bd000 r-xp 00000000 08:07 524677                     /usr/lib/x86_64-linux-gnu/libffi.so.6.0.1
7f1bef7bd000-7f1bef9bc000 ---p 00007000 08:07 524677                     /usr/lib/x86_64-linux-gnu/libffi.so.6.0.1
7f1bef9bc000-7f1bef9bd000 r--p 00006000 08:07 524677                     /usr/lib/x86_64-linux-gnu/libffi.so.6.0.1
7f1bef9bd000-7f1bef9be000 rw-p 00007000 08:07 524677                     /usr/lib/x86_64-linux-gnu/libffi.so.6.0.1
7f1bef9be000-7f1bef9d5000 r-xp 00000000 08:07 1184473                    /lib/x86_64-linux-gnu/libresolv-2.19.so
7f1bef9d5000-7f1befbd5000 ---p 00017000 08:07 1184473                    /lib/x86_64-linux-gnu/libresolv-2.19.so
7f1befbd5000-7f1befbd6000 r--p 00017000 08:07 1184473                    /lib/x86_64-linux-gnu/libresolv-2.19.so
7f1befbd6000-7f1befbd7000 rw-p 00018000 08:07 1184473                    /lib/x86_64-linux-gnu/libresolv-2.19.so
7f1befbd7000-7f1befbd9000 rw-p 00000000 00:00 0 
7f1befbd9000-7f1befbf9000 r-xp 00000000 08:07 1184477                    /lib/x86_64-linux-gnu/libselinux.so.1
7f1befbf9000-7f1befdf8000 ---p 00020000 08:07 1184477                    /lib/x86_64-linux-gnu/libselinux.so.1
7f1befdf8000-7f1befdf9000 r--p 0001f000 08:07 1184477                    /lib/x86_64-linux-gnu/libselinux.so.1
7f1befdf9000-7f1befdfa000 rw-p 00020000 08:07 1184477                    /lib/x86_64-linux-gnu/libselinux.so.1
7f1befdfa000-7f1befdfc000 rw-p 00000000 00:00 0 
7f1befdfc000-7f1befdff000 r-xp 00000000 08:07 535289                     /usr/lib/x86_64-linux-gnu/libgmodule-2.0.so.0.4002.0
7f1befdff000-7f1befffe000 ---p 00003000 08:07 535289                     /usr/lib/x86_64-linux-gnu/libgmodule-2.0.so.0.4002.0
7f1befffe000-7f1beffff000 r--p 00002000 08:07 535289                     /usr/lib/x86_64-linux-gnu/libgmodule-2.0.so.0.4002.0
7f1beffff000-7f1bf0000000 rw-p 00003000 08:07 535289                     /usr/lib/x86_64-linux-gnu/libgmodule-2.0.so.0.4002.0
7f1bf0000000-7f1bf16f0000 rw-p 00000000 00:00 0 
7f1bf16f0000-7f1bf4000000 ---p 00000000 00:00 0 
7f1bf4000000-7f1bf4021000 rw-p 00000000 00:00 0 
7f1bf4021000-7f1bf8000000 ---p 00000000 00:00 0 
7f1bf8000000-7f1bf8021000 rw-p 00000000 00:00 0 
7f1bf8021000-7f1bfc000000 ---p 00000000 00:00 0 
7f1bfc000000-7f1bfd507000 rw-p 00000000 00:00 0 
7f1bfd507000-7f1c00000000 ---p 00000000 00:00 0 
7f1c00000000-7f1c00021000 rw-p 00000000 00:00 0 
7f1c00021000-7f1c04000000 ---p 00000000 00:00 0 
7f1c04000000-7f1c04021000 rw-p 00000000 00:00 0 
7f1c04021000-7f1c08000000 ---p 00000000 00:00 0 
7f1c08000000-7f1c08021000 rw-p 00000000 00:00 0 
7f1c08021000-7f1c0c000000 ---p 00000000 00:00 0 
7f1c0c000000-7f1c0c242000 rw-p 00000000 00:00 0 
7f1c0c242000-7f1c10000000 ---p 00000000 00:00 0 
7f1c10000000-7f1c10021000 rw-p 00000000 00:00 0 
7f1c10021000-7f1c14000000 ---p 00000000 00:00 0 
7f1c14000000-7f1c14021000 rw-p 00000000 00:00 0 
7f1c14021000-7f1c18000000 ---p 00000000 00:00 0 
7f1c18052000-7f1c18083000 rw-p 00000000 00:00 0 
7f1c18083000-7f1c18189000 r-xp 00000000 08:07 1184378                    /lib/x86_64-linux-gnu/libglib-2.0.so.0.4002.0
7f1c18189000-7f1c18388000 ---p 00106000 08:07 1184378                    /lib/x86_64-linux-gnu/libglib-2.0.so.0.4002.0
7f1c18388000-7f1c18389000 r--p 00105000 08:07 1184378                    /lib/x86_64-linux-gnu/libglib-2.0.so.0.4002.0
7f1c18389000-7f1c1838a000 rw-p 00106000 08:07 1184378                    /lib/x86_64-linux-gnu/libglib-2.0.so.0.4002.0
7f1c1838a000-7f1c1838b000 rw-p 00000000 00:00 0 
7f1c1838b000-7f1c183da000 r-xp 00000000 08:07 535305                     /usr/lib/x86_64-linux-gnu/libgobject-2.0.so.0.4002.0
7f1c183da000-7f1c185da000 ---p 0004f000 08:07 535305                     /usr/lib/x86_64-linux-gnu/libgobject-2.0.so.0.4002.0
7f1c185da000-7f1c185db000 r--p 0004f000 08:07 535305                     /usr/lib/x86_64-linux-gnu/libgobject-2.0.so.0.4002.0
7f1c185db000-7f1c185dc000 rw-p 00050000 08:07 535305                     /usr/lib/x86_64-linux-gnu/libgobject-2.0.so.0.4002.0
7f1c185dc000-7f1c18748000 r-xp 00000000 08:07 535277                     /usr/lib/x86_64-linux-gnu/libgio-2.0.so.0.4002.0
7f1c18748000-7f1c18947000 ---p 0016c000 08:07 535277                     /usr/lib/x86_64-linux-gnu/libgio-2.0.so.0.4002.0
7f1c18947000-7f1c1894b000 r--p 0016b000 08:07 535277                     /usr/lib/x86_64-linux-gnu/libgio-2.0.so.0.4002.0
7f1c1894b000-7f1c1894d000 rw-p 0016f000 08:07 535277                     /usr/lib/x86_64-linux-gnu/libgio-2.0.so.0.4002.0
7f1c1894d000-7f1c1894f000 rw-p 00000000 00:00 0 
7f1c1894f000-7f1c18966000 r-xp 00000000 08:07 531198                     /usr/lib/jvm/java-7-openjdk-amd64/jre/lib/amd64/libnet.so
7f1c18966000-7f1c18b65000 ---p 00017000 08:07 531198                     /usr/lib/jvm/java-7-openjdk-amd64/jre/lib/amd64/libnet.so
7f1c18b65000-7f1c18b66000 r--p 00016000 08:07 531198                     /usr/lib/jvm/java-7-openjdk-amd64/jre/lib/amd64/libnet.so
7f1c18b66000-7f1c18b67000 rw-p 00017000 08:07 531198                     /usr/lib/jvm/java-7-openjdk-amd64/jre/lib/amd64/libnet.so
7f1c18b67000-7f1c18b77000 r-xp 00000000 08:07 531162                     /usr/lib/jvm/java-7-openjdk-amd64/jre/lib/amd64/libnio.so
7f1c18b77000-7f1c18d77000 ---p 00010000 08:07 531162                     /usr/lib/jvm/java-7-openjdk-amd64/jre/lib/amd64/libnio.so
7f1c18d77000-7f1c18d78000 r--p 00010000 08:07 531162                     /usr/lib/jvm/java-7-openjdk-amd64/jre/lib/amd64/libnio.so
7f1c18d78000-7f1c18d79000 rw-p 00011000 08:07 531162                     /usr/lib/jvm/java-7-openjdk-amd64/jre/lib/amd64/libnio.so
7f1c18d79000-7f1c18d7a000 ---p 00000000 00:00 0 
7f1c18d7a000-7f1c18e7a000 rw-p 00000000 00:00 0                          [stack:8993]
7f1c18e7a000-7f1c18e7d000 ---p 00000000 00:00 0 
7f1c18e7d000-7f1c18f7b000 rw-p 00000000 00:00 0                          [stack:8991]
7f1c18f7b000-7f1c18f7e000 ---p 00000000 00:00 0 
7f1c18f7e000-7f1c1907c000 rw-p 00000000 00:00 0                          [stack:8987]
7f1c1907c000-7f1c1907f000 ---p 00000000 00:00 0 
7f1c1907f000-7f1c1917d000 rw-p 00000000 00:00 0                          [stack:8985]
7f1c1917d000-7f1c19180000 ---p 00000000 00:00 0 
7f1c19180000-7f1c1927e000 rw-p 00000000 00:00 0                          [stack:8982]
7f1c1927e000-7f1c19ad0000 r--p 00000000 08:07 532522                     /usr/lib/locale/locale-archive
7f1c19ad0000-7f1c1c000000 rw-p 00000000 00:00 0 
7f1c1c000000-7f1c1c021000 rw-p 00000000 00:00 0 
7f1c1c021000-7f1c20000000 ---p 00000000 00:00 0 
7f1c20028000-7f1c2003d000 r--s 000e5000 08:07 1232668                    /home/duongnb/Projects/StockAlert/app/build/intermediates/exploded-aar/com.android.support/support-v4/23.1.1/jars/classes.jar
7f1c2003d000-7f1c2004c000 r--s 000df000 08:07 1220035                    /home/duongnb/Android/Sdk/build-tools/23.0.2/lib/dx.jar
7f1c2004c000-7f1c2004f000 ---p 00000000 00:00 0 
7f1c2004f000-7f1c2014d000 rw-p 00000000 00:00 0                          [stack:8978]
7f1c2014d000-7f1c20150000 ---p 00000000 00:00 0 
7f1c20150000-7f1c2024e000 rw-p 00000000 00:00 0                          [stack:8977]
7f1c2024e000-7f1c2024f000 ---p 00000000 00:00 0 
7f1c2024f000-7f1c21000000 rw-p 00000000 00:00 0                          [stack:8974]
7f1c21000000-7f1c21270000 rwxp 00000000 00:00 0 
7f1c21270000-7f1c241ff000 rw-p 00000000 00:00 0 
7f1c241ff000-7f1c28000000 ---p 00000000 00:00 0 
7f1c28008000-7f1c28354000 rw-p 00000000 00:00 0 
7f1c28354000-7f1c28506000 r--s 01d2e000 08:07 531155                     /usr/lib/jvm/java-7-openjdk-amd64/jre/lib/rt.jar
7f1c28506000-7f1c28852000 rw-p 00000000 00:00 0 
7f1c28852000-7f1c28853000 ---p 00000000 00:00 0 
7f1c28853000-7f1c28953000 rw-p 00000000 00:00 0                          [stack:8968]
7f1c28953000-7f1c28954000 ---p 00000000 00:00 0 
7f1c28954000-7f1c28a54000 rw-p 00000000 00:00 0                          [stack:8967]
7f1c28a54000-7f1c28a55000 ---p 00000000 00:00 0 
7f1c28a55000-7f1c28b55000 rw-p 00000000 00:00 0                          [stack:8966]
7f1c28b55000-7f1c28b56000 ---p 00000000 00:00 0 
7f1c28b56000-7f1c28c61000 rw-p 00000000 00:00 0                          [stack:8957]
7f1c28c61000-7f1c28ca9000 rw-p 00000000 00:00 0 
7f1c28ca9000-7f1c28cbd000 rw-p 00000000 00:00 0 
7f1c28cbd000-7f1c28dff000 rw-p 00000000 00:00 0 
7f1c28dff000-7f1c28e0a000 rw-p 00000000 00:00 0 
7f1c28e0a000-7f1c28e52000 rw-p 00000000 00:00 0 
7f1c28e52000-7f1c28e66000 rw-p 00000000 00:00 0 
7f1c28e66000-7f1c28fa7000 rw-p 00000000 00:00 0 
7f1c28fa7000-7f1c28ff5000 rw-p 00000000 00:00 0 
7f1c28ff5000-7f1c29052000 rw-p 00000000 00:00 0 
7f1c29052000-7f1c29053000 rw-p 00000000 00:00 0 
7f1c29053000-7f1c2905b000 r-xp 00000000 08:07 531169                     /usr/lib/jvm/java-7-openjdk-amd64/jre/lib/amd64/libzip.so
7f1c2905b000-7f1c2925a000 ---p 00008000 08:07 531169                     /usr/lib/jvm/java-7-openjdk-amd64/jre/lib/amd64/libzip.so
7f1c2925a000-7f1c2925b000 r--p 00007000 08:07 531169                     /usr/lib/jvm/java-7-openjdk-amd64/jre/lib/amd64/libzip.so
7f1c2925b000-7f1c2925c000 rw-p 00008000 08:07 531169                     /usr/lib/jvm/java-7-openjdk-amd64/jre/lib/amd64/libzip.so
7f1c2925c000-7f1c29267000 r-xp 00000000 08:07 1184422                    /lib/x86_64-linux-gnu/libnss_files-2.19.so
7f1c29267000-7f1c29466000 ---p 0000b000 08:07 1184422                    /lib/x86_64-linux-gnu/libnss_files-2.19.so
7f1c29466000-7f1c29467000 r--p 0000a000 08:07 1184422                    /lib/x86_64-linux-gnu/libnss_files-2.19.so
7f1c29467000-7f1c29468000 rw-p 0000b000 08:07 1184422                    /lib/x86_64-linux-gnu/libnss_files-2.19.so
7f1c29468000-7f1c29473000 r-xp 00000000 08:07 1184432                    /lib/x86_64-linux-gnu/libnss_nis-2.19.so
7f1c29473000-7f1c29672000 ---p 0000b000 08:07 1184432                    /lib/x86_64-linux-gnu/libnss_nis-2.19.so
7f1c29672000-7f1c29673000 r--p 0000a000 08:07 1184432                    /lib/x86_64-linux-gnu/libnss_nis-2.19.so
7f1c29673000-7f1c29674000 rw-p 0000b000 08:07 1184432                    /lib/x86_64-linux-gnu/libnss_nis-2.19.so
7f1c29674000-7f1c2968b000 r-xp 00000000 08:07 1184416                    /lib/x86_64-linux-gnu/libnsl-2.19.so
7f1c2968b000-7f1c2988a000 ---p 00017000 08:07 1184416                    /lib/x86_64-linux-gnu/libnsl-2.19.so
7f1c2988a000-7f1c2988b000 r--p 00016000 08:07 1184416                    /lib/x86_64-linux-gnu/libnsl-2.19.so
7f1c2988b000-7f1c2988c000 rw-p 00017000 08:07 1184416                    /lib/x86_64-linux-gnu/libnsl-2.19.so
7f1c2988c000-7f1c2988e000 rw-p 00000000 00:00 0 
7f1c2988e000-7f1c29897000 r-xp 00000000 08:07 1184418                    /lib/x86_64-linux-gnu/libnss_compat-2.19.so
7f1c29897000-7f1c29a96000 ---p 00009000 08:07 1184418                    /lib/x86_64-linux-gnu/libnss_compat-2.19.so
7f1c29a96000-7f1c29a97000 r--p 00008000 08:07 1184418                    /lib/x86_64-linux-gnu/libnss_compat-2.19.so
7f1c29a97000-7f1c29a98000 rw-p 00009000 08:07 1184418                    /lib/x86_64-linux-gnu/libnss_compat-2.19.so
7f1c29a98000-7f1c29ac3000 r-xp 00000000 08:07 531177                     /usr/lib/jvm/java-7-openjdk-amd64/jre/lib/amd64/libjava.so
7f1c29ac3000-7f1c29cc3000 ---p 0002b000 08:07 531177                     /usr/lib/jvm/java-7-openjdk-amd64/jre/lib/amd64/libjava.so
7f1c29cc3000-7f1c29cc4000 r--p 0002b000 08:07 531177                     /usr/lib/jvm/java-7-openjdk-amd64/jre/lib/amd64/libjava.so
7f1c29cc4000-7f1c29cc6000 rw-p 0002c000 08:07 531177                     /usr/lib/jvm/java-7-openjdk-amd64/jre/lib/amd64/libjava.so
7f1c29cc6000-7f1c29cd6000 r-xp 00000000 08:07 531193                     /usr/lib/jvm/java-7-openjdk-amd64/jre/lib/amd64/libverify.so
7f1c29cd6000-7f1c29ed5000 ---p 00010000 08:07 531193                     /usr/lib/jvm/java-7-openjdk-amd64/jre/lib/amd64/libverify.so
7f1c29ed5000-7f1c29ed7000 r--p 0000f000 08:07 531193                     /usr/lib/jvm/java-7-openjdk-amd64/jre/lib/amd64/libverify.so
7f1c29ed7000-7f1c29ed8000 rw-p 00011000 08:07 531193                     /usr/lib/jvm/java-7-openjdk-amd64/jre/lib/amd64/libverify.so
7f1c29ed8000-7f1c29edf000 r-xp 00000000 08:07 1184475                    /lib/x86_64-linux-gnu/librt-2.19.so
7f1c29edf000-7f1c2a0de000 ---p 00007000 08:07 1184475                    /lib/x86_64-linux-gnu/librt-2.19.so
7f1c2a0de000-7f1c2a0df000 r--p 00006000 08:07 1184475                    /lib/x86_64-linux-gnu/librt-2.19.so
7f1c2a0df000-7f1c2a0e0000 rw-p 00007000 08:07 1184475                    /lib/x86_64-linux-gnu/librt-2.19.so
7f1c2a0e0000-7f1c2a0f6000 r-xp 00000000 08:07 1184374                    /lib/x86_64-linux-gnu/libgcc_s.so.1
7f1c2a0f6000-7f1c2a2f5000 ---p 00016000 08:07 1184374                    /lib/x86_64-linux-gnu/libgcc_s.so.1
7f1c2a2f5000-7f1c2a2f6000 rw-p 00015000 08:07 1184374                    /lib/x86_64-linux-gnu/libgcc_s.so.1
7f1c2a2f6000-7f1c2a3fb000 r-xp 00000000 08:07 1184397                    /lib/x86_64-linux-gnu/libm-2.19.so
7f1c2a3fb000-7f1c2a5fa000 ---p 00105000 08:07 1184397                    /lib/x86_64-linux-gnu/libm-2.19.so
7f1c2a5fa000-7f1c2a5fb000 r--p 00104000 08:07 1184397                    /lib/x86_64-linux-gnu/libm-2.19.so
7f1c2a5fb000-7f1c2a5fc000 rw-p 00105000 08:07 1184397                    /lib/x86_64-linux-gnu/libm-2.19.so
7f1c2a5fc000-7f1c2a6e2000 r-xp 00000000 08:07 535798                     /usr/lib/x86_64-linux-gnu/libstdc++.so.6.0.19
7f1c2a6e2000-7f1c2a8e1000 ---p 000e6000 08:07 535798                     /usr/lib/x86_64-linux-gnu/libstdc++.so.6.0.19
7f1c2a8e1000-7f1c2a8e9000 r--p 000e5000 08:07 535798                     /usr/lib/x86_64-linux-gnu/libstdc++.so.6.0.19
7f1c2a8e9000-7f1c2a8eb000 rw-p 000ed000 08:07 535798                     /usr/lib/x86_64-linux-gnu/libstdc++.so.6.0.19
7f1c2a8eb000-7f1c2a900000 rw-p 00000000 00:00 0 
7f1c2a900000-7f1c2b424000 r-xp 00000000 08:07 531184                     /usr/lib/jvm/java-7-openjdk-amd64/jre/lib/amd64/server/libjvm.so
7f1c2b424000-7f1c2b624000 ---p 00b24000 08:07 531184                     /usr/lib/jvm/java-7-openjdk-amd64/jre/lib/amd64/server/libjvm.so
7f1c2b624000-7f1c2b6be000 r--p 00b24000 08:07 531184                     /usr/lib/jvm/java-7-openjdk-amd64/jre/lib/amd64/server/libjvm.so
7f1c2b6be000-7f1c2b6e1000 rw-p 00bbe000 08:07 531184                     /usr/lib/jvm/java-7-openjdk-amd64/jre/lib/amd64/server/libjvm.so
7f1c2b6e1000-7f1c2b70f000 rw-p 00000000 00:00 0 
7f1c2b70f000-7f1c2b727000 r-xp 00000000 08:07 1184510                    /lib/x86_64-linux-gnu/libz.so.1.2.8
7f1c2b727000-7f1c2b926000 ---p 00018000 08:07 1184510                    /lib/x86_64-linux-gnu/libz.so.1.2.8
7f1c2b926000-7f1c2b927000 r--p 00017000 08:07 1184510                    /lib/x86_64-linux-gnu/libz.so.1.2.8
7f1c2b927000-7f1c2b928000 rw-p 00018000 08:07 1184510                    /lib/x86_64-linux-gnu/libz.so.1.2.8
7f1c2b928000-7f1c2b941000 r-xp 00000000 08:07 1184467                    /lib/x86_64-linux-gnu/libpthread-2.19.so
7f1c2b941000-7f1c2bb40000 ---p 00019000 08:07 1184467                    /lib/x86_64-linux-gnu/libpthread-2.19.so
7f1c2bb40000-7f1c2bb41000 r--p 00018000 08:07 1184467                    /lib/x86_64-linux-gnu/libpthread-2.19.so
7f1c2bb41000-7f1c2bb42000 rw-p 00019000 08:07 1184467                    /lib/x86_64-linux-gnu/libpthread-2.19.so
7f1c2bb42000-7f1c2bb46000 rw-p 00000000 00:00 0 
7f1c2bb46000-7f1c2bb49000 r-xp 00000000 08:07 1184364                    /lib/x86_64-linux-gnu/libdl-2.19.so
7f1c2bb49000-7f1c2bd48000 ---p 00003000 08:07 1184364                    /lib/x86_64-linux-gnu/libdl-2.19.so
7f1c2bd48000-7f1c2bd49000 r--p 00002000 08:07 1184364                    /lib/x86_64-linux-gnu/libdl-2.19.so
7f1c2bd49000-7f1c2bd4a000 rw-p 00003000 08:07 1184364                    /lib/x86_64-linux-gnu/libdl-2.19.so
7f1c2bd4a000-7f1c2bf05000 r-xp 00000000 08:07 1184347                    /lib/x86_64-linux-gnu/libc-2.19.so
7f1c2bf05000-7f1c2c104000 ---p 001bb000 08:07 1184347                    /lib/x86_64-linux-gnu/libc-2.19.so
7f1c2c104000-7f1c2c108000 r--p 001ba000 08:07 1184347                    /lib/x86_64-linux-gnu/libc-2.19.so
7f1c2c108000-7f1c2c10a000 rw-p 001be000 08:07 1184347                    /lib/x86_64-linux-gnu/libc-2.19.so
7f1c2c10a000-7f1c2c10f000 rw-p 00000000 00:00 0 
7f1c2c10f000-7f1c2c11c000 r-xp 00000000 08:07 531195                     /usr/lib/jvm/java-7-openjdk-amd64/jre/lib/amd64/jli/libjli.so
7f1c2c11c000-7f1c2c31b000 ---p 0000d000 08:07 531195                     /usr/lib/jvm/java-7-openjdk-amd64/jre/lib/amd64/jli/libjli.so
7f1c2c31b000-7f1c2c31c000 r--p 0000c000 08:07 531195                     /usr/lib/jvm/java-7-openjdk-amd64/jre/lib/amd64/jli/libjli.so
7f1c2c31c000-7f1c2c31d000 rw-p 0000d000 08:07 531195                     /usr/lib/jvm/java-7-openjdk-amd64/jre/lib/amd64/jli/libjli.so
7f1c2c31d000-7f1c2c340000 r-xp 00000000 08:07 1184323                    /lib/x86_64-linux-gnu/ld-2.19.so
7f1c2c340000-7f1c2c343000 r--s 0000f000 08:07 531148                     /usr/lib/jvm/java-7-openjdk-amd64/jre/lib/ext/icedtea-sound.jar
7f1c2c343000-7f1c2c347000 r--s 0003c000 08:07 531150                     /usr/lib/jvm/java-7-openjdk-amd64/jre/lib/ext/sunpkcs11.jar
7f1c2c347000-7f1c2c369000 rw-p 00000000 00:00 0 
7f1c2c369000-7f1c2c41f000 rw-p 00000000 00:00 0 
7f1c2c41f000-7f1c2c422000 ---p 00000000 00:00 0 
7f1c2c422000-7f1c2c526000 rw-p 00000000 00:00 0                          [stack:8952]
7f1c2c526000-7f1c2c528000 r--s 00012000 08:07 531146                     /usr/lib/jvm/java-7-openjdk-amd64/jre/lib/ext/zipfs.jar
7f1c2c528000-7f1c2c52a000 r--s 00006000 08:07 796257                     /usr/share/java/java-atk-wrapper.jar
7f1c2c52a000-7f1c2c52e000 r--s 00034000 08:07 531149                     /usr/lib/jvm/java-7-openjdk-amd64/jre/lib/ext/sunjce_provider.jar
7f1c2c52e000-7f1c2c532000 r--s 00085000 08:07 531147                     /usr/lib/jvm/java-7-openjdk-amd64/jre/lib/ext/localedata.jar
7f1c2c532000-7f1c2c533000 r--s 00002000 08:07 531151                     /usr/lib/jvm/java-7-openjdk-amd64/jre/lib/ext/dnsns.jar
7f1c2c533000-7f1c2c53b000 rw-s 00000000 08:07 817138                     /tmp/hsperfdata_duongnb/8948
7f1c2c53b000-7f1c2c53c000 rw-p 00000000 00:00 0 
7f1c2c53c000-7f1c2c53d000 ---p 00000000 00:00 0 
7f1c2c53d000-7f1c2c53f000 rw-p 00000000 00:00 0 
7f1c2c53f000-7f1c2c540000 r--p 00022000 08:07 1184323                    /lib/x86_64-linux-gnu/ld-2.19.so
7f1c2c540000-7f1c2c541000 rw-p 00023000 08:07 1184323                    /lib/x86_64-linux-gnu/ld-2.19.so
7f1c2c541000-7f1c2c542000 rw-p 00000000 00:00 0 
7fffdf022000-7fffdf043000 rw-p 00000000 00:00 0                          [stack]
7fffdf064000-7fffdf066000 r--p 00000000 00:00 0                          [vvar]
7fffdf066000-7fffdf068000 r-xp 00000000 00:00 0                          [vdso]
ffffffffff600000-ffffffffff601000 r-xp 00000000 00:00 0                  [vsyscall]

VM Arguments:
jvm_args: -Djava.awt.headless=true -Xmx1024M -Dfile.encoding=UTF-8 -Duser.country=US -Duser.language=en -Duser.variant 
java_command: com.android.dx.command.Main --dex --num-threads=4 --output /home/duongnb/Projects/StockAlert/app/build/intermediates/pre-dexed/debug/com.android.support-support-v4-23.1.1_b3effed45e4c6c1251f3bd9157906072feecf5be.jar /home/duongnb/Projects/StockAlert/app/build/intermediates/exploded-aar/com.android.support/support-v4/23.1.1/jars/classes.jar
Launcher Type: SUN_STANDARD

Environment Variables:
PATH=/usr/local/sbin:/usr/local/bin:/usr/sbin:/usr/bin:/sbin:/bin:/usr/games:/usr/local/games:/home/duongnb/android-sdk-linux/tools:/home/duongnb/android-sdk-linux/platform-tools
SHELL=/bin/bash
DISPLAY=:0

Signal Handlers:
SIGSEGV: [libjvm.so+0x9548f0], sa_mask[0]=0x7ffbfeff, sa_flags=0x10000004
SIGBUS: [libjvm.so+0x9548f0], sa_mask[0]=0x7ffbfeff, sa_flags=0x10000004
SIGFPE: [libjvm.so+0x7cb0b0], sa_mask[0]=0x7ffbfeff, sa_flags=0x10000004
SIGPIPE: [libjvm.so+0x7cb0b0], sa_mask[0]=0x7ffbfeff, sa_flags=0x10000004
SIGXFSZ: [libjvm.so+0x7cb0b0], sa_mask[0]=0x7ffbfeff, sa_flags=0x10000004
SIGILL: [libjvm.so+0x7cb0b0], sa_mask[0]=0x7ffbfeff, sa_flags=0x10000004
SIGUSR1: SIG_DFL, sa_mask[0]=0x00000000, sa_flags=0x00000000
SIGUSR2: [libjvm.so+0x7caf50], sa_mask[0]=0x00000004, sa_flags=0x10000004
SIGHUP: [libjvm.so+0x7cb130], sa_mask[0]=0x7ffbfeff, sa_flags=0x10000004
SIGINT: [libjvm.so+0x7cb130], sa_mask[0]=0x7ffbfeff, sa_flags=0x10000004
SIGTERM: [libjvm.so+0x7cb130], sa_mask[0]=0x7ffbfeff, sa_flags=0x10000004
SIGQUIT: [libjvm.so+0x7cb130], sa_mask[0]=0x7ffbfeff, sa_flags=0x10000004
SIGTRAP: SIG_DFL, sa_mask[0]=0x00000000, sa_flags=0x00000000


---------------  S Y S T E M  ---------------

OS:Ubuntu 14.04 (trusty)
uname:Linux 3.19.0-42-generic #48~14.04.1-Ubuntu SMP Fri Dec 18 10:24:49 UTC 2015 x86_64
libc:glibc 2.19 NPTL 2.19 
rlimit: STACK 8192k, CORE 0k, NPROC 15279, NOFILE 4096, AS infinity
load average:9,80 3,13 1,45

/proc/meminfo:
MemTotal:        3932940 kB
MemFree:          118968 kB
MemAvailable:     105600 kB
Buffers:            3164 kB
Cached:           428224 kB
SwapCached:            0 kB
Active:          3341608 kB
Inactive:         326916 kB
Active(anon):    3298660 kB
Inactive(anon):   263100 kB
Active(file):      42948 kB
Inactive(file):    63816 kB
Unevictable:          32 kB
Mlocked:              32 kB
SwapTotal:             0 kB
SwapFree:              0 kB
Dirty:               144 kB
Writeback:             0 kB
AnonPages:       3237912 kB
Mapped:           147452 kB
Shmem:            324120 kB
Slab:              66020 kB
SReclaimable:      35436 kB
SUnreclaim:        30584 kB
KernelStack:       10864 kB
PageTables:        35964 kB
NFS_Unstable:          0 kB
Bounce:                0 kB
WritebackTmp:          0 kB
CommitLimit:     1966468 kB
Committed_AS:    7514316 kB
VmallocTotal:   34359738367 kB
VmallocUsed:      348888 kB
VmallocChunk:   34359301568 kB
HardwareCorrupted:     0 kB
AnonHugePages:   1642496 kB
CmaTotal:              0 kB
CmaFree:               0 kB
HugePages_Total:       0
HugePages_Free:        0
HugePages_Rsvd:        0
HugePages_Surp:        0
Hugepagesize:       2048 kB
DirectMap4k:       92536 kB
DirectMap2M:     2938880 kB
DirectMap1G:     1048576 kB


CPU:total 4 (2 cores per cpu, 2 threads per core) family 6 model 60 stepping 3, cmov, cx8, fxsr, mmx, sse, sse2, sse3, ssse3, sse4.1, sse4.2, popcnt, avx, avx2, aes, erms, ht, tsc, tscinvbit

/proc/cpuinfo:
processor	: 0
vendor_id	: GenuineIntel
cpu family	: 6
model		: 60
model name	: Intel(R) Core(TM) i3-4150 CPU @ 3.50GHz
stepping	: 3
microcode	: 0x12
cpu MHz		: 3500.000
cache size	: 3072 KB
physical id	: 0
siblings	: 4
core id		: 0
cpu cores	: 2
apicid		: 0
initial apicid	: 0
fpu		: yes
fpu_exception	: yes
cpuid level	: 13
wp		: yes
flags		: fpu vme de pse tsc msr pae mce cx8 apic sep mtrr pge mca cmov pat pse36 clflush dts acpi mmx fxsr sse sse2 ss ht tm pbe syscall nx pdpe1gb rdtscp lm constant_tsc arch_perfmon pebs bts rep_good nopl xtopology nonstop_tsc aperfmperf eagerfpu pni pclmulqdq dtes64 monitor ds_cpl vmx est tm2 ssse3 fma cx16 xtpr pdcm pcid sse4_1 sse4_2 movbe popcnt tsc_deadline_timer aes xsave avx f16c rdrand lahf_lm abm arat pln pts dtherm tpr_shadow vnmi flexpriority ept vpid fsgsbase tsc_adjust bmi1 avx2 smep bmi2 erms invpcid xsaveopt
bugs		:
bogomips	: 6984.40
clflush size	: 64
cache_alignment	: 64
address sizes	: 39 bits physical, 48 bits virtual
power management:

processor	: 1
vendor_id	: GenuineIntel
cpu family	: 6
model		: 60
model name	: Intel(R) Core(TM) i3-4150 CPU @ 3.50GHz
stepping	: 3
microcode	: 0x12
cpu MHz		: 3499.863
cache size	: 3072 KB
physical id	: 0
siblings	: 4
core id		: 1
cpu cores	: 2
apicid		: 2
initial apicid	: 2
fpu		: yes
fpu_exception	: yes
cpuid level	: 13
wp		: yes
flags		: fpu vme de pse tsc msr pae mce cx8 apic sep mtrr pge mca cmov pat pse36 clflush dts acpi mmx fxsr sse sse2 ss ht tm pbe syscall nx pdpe1gb rdtscp lm constant_tsc arch_perfmon pebs bts rep_good nopl xtopology nonstop_tsc aperfmperf eagerfpu pni pclmulqdq dtes64 monitor ds_cpl vmx est tm2 ssse3 fma cx16 xtpr pdcm pcid sse4_1 sse4_2 movbe popcnt tsc_deadline_timer aes xsave avx f16c rdrand lahf_lm abm arat pln pts dtherm tpr_shadow vnmi flexpriority ept vpid fsgsbase tsc_adjust bmi1 avx2 smep bmi2 erms invpcid xsaveopt
bugs		:
bogomips	: 6984.40
clflush size	: 64
cache_alignment	: 64
address sizes	: 39 bits physical, 48 bits virtual
power management:

processor	: 2
vendor_id	: GenuineIntel
cpu family	: 6
model		: 60
model name	: Intel(R) Core(TM) i3-4150 CPU @ 3.50GHz
stepping	: 3
microcode	: 0x12
cpu MHz		: 3499.863
cache size	: 3072 KB
physical id	: 0
siblings	: 4
core id		: 0
cpu cores	: 2
apicid		: 1
initial apicid	: 1
fpu		: yes
fpu_exception	: yes
cpuid level	: 13
wp		: yes
flags		: fpu vme de pse tsc msr pae mce cx8 apic sep mtrr pge mca cmov pat pse36 clflush dts acpi mmx fxsr sse sse2 ss ht tm pbe syscall nx pdpe1gb rdtscp lm constant_tsc arch_perfmon pebs bts rep_good nopl xtopology nonstop_tsc aperfmperf eagerfpu pni pclmulqdq dtes64 monitor ds_cpl vmx est tm2 ssse3 fma cx16 xtpr pdcm pcid sse4_1 sse4_2 movbe popcnt tsc_deadline_timer aes xsave avx f16c rdrand lahf_lm abm arat pln pts dtherm tpr_shadow vnmi flexpriority ept vpid fsgsbase tsc_adjust bmi1 avx2 smep bmi2 erms invpcid xsaveopt
bugs		:
bogomips	: 6984.40
clflush size	: 64
cache_alignment	: 64
address sizes	: 39 bits physical, 48 bits virtual
power management:

processor	: 3
vendor_id	: GenuineIntel
cpu family	: 6
model		: 60
model name	: Intel(R) Core(TM) i3-4150 CPU @ 3.50GHz
stepping	: 3
microcode	: 0x12
cpu MHz		: 3500.000
cache size	: 3072 KB
physical id	: 0
siblings	: 4
core id		: 1
cpu cores	: 2
apicid		: 3
initial apicid	: 3
fpu		: yes
fpu_exception	: yes
cpuid level	: 13
wp		: yes
flags		: fpu vme de pse tsc msr pae mce cx8 apic sep mtrr pge mca cmov pat pse36 clflush dts acpi mmx fxsr sse sse2 ss ht tm pbe syscall nx pdpe1gb rdtscp lm constant_tsc arch_perfmon pebs bts rep_good nopl xtopology nonstop_tsc aperfmperf eagerfpu pni pclmulqdq dtes64 monitor ds_cpl vmx est tm2 ssse3 fma cx16 xtpr pdcm pcid sse4_1 sse4_2 movbe popcnt tsc_deadline_timer aes xsave avx f16c rdrand lahf_lm abm arat pln pts dtherm tpr_shadow vnmi flexpriority ept vpid fsgsbase tsc_adjust bmi1 avx2 smep bmi2 erms invpcid xsaveopt
bugs		:
bogomips	: 6984.40
clflush size	: 64
cache_alignment	: 64
address sizes	: 39 bits physical, 48 bits virtual
power management:



Memory: 4k page, physical 3932940k(118968k free), swap 0k(0k free)

vm_info: OpenJDK 64-Bit Server VM (24.91-b01) for linux-amd64 JRE (1.7.0_91-b02), built on Nov 19 2015 06:14:37 by "buildd" with gcc 4.8.2

time: Tue Jan  5 16:15:40 2016
elapsed time: 13 seconds

